MPASM 5.86  /HOME/RICHO/DOCUMENTS/PIC_ASSEMB   8-18-2023  18:54:29         PAGE  1


LOC  OBJECT CODE     LINE SOURCE TEXT
  VALUE

                      00001 ;
                      00002 ;
                      00003 ;               c b a | s0 s1 s2 s3 s4 s5
                      00004 ;               -------------------------
                      00005 ;               0 0 0 | 1  0  0  0  0  1
                      00006 ;               0 0 1 | 1  0  0  0  0  0
                      00007 ;               0 1 0 | 1  1  1  1  1  1 
                      00008 ;               0 1 1 | 0  1  0  1  0  1 
                      00009 ;               1 0 0 | 1  0  0  1  0  0 
                      00010 ;               1 0 1 | 0  0  1  0  0  1 
                      00011 ;               1 1 0 | 1  1  1  0  0  0 
                      00012 ;               1 1 1 | 0  0  0  1  1  1
                      00013 ;
                      00014 ;
                      00015 ;
                      00016 
                      00017 #include "p16f628a.inc"
                      00001         LIST
                      00002 
                      00003 ;==========================================================================
                      00004 ; Build date : Oct 24 2019
                      00005 ;  MPASM PIC16F628A processor include
                      00006 ; 
                      00007 ;  (c) Copyright 1999-2019 Microchip Technology, All rights reserved
                      00008 ;==========================================================================
                      00009 
                      00386         LIST
                      00018 
2007   3F38           00019         __CONFIG _FOSC_INTOSCIO & _WDTE_OFF & _PWRTE_OFF & _MCLRE_ON & _BOREN_OFF & _LVP_OFF & _CPD_OFF 
                            & _CP_OFF
                      00020 
0000                  00021         ORG     0
                      00022 
0000   0185           00023         CLRF    PORTA
0001   0186           00024         CLRF    PORTB
                      00025 
                      00026 
0002   3007           00027         MOVLW   0x07
0003   009F           00028         MOVWF   CMCON
                      00029 
0004   1303           00030         BCF     STATUS,RP1
0005   1683           00031         BSF     STATUS,RP0
                      00032 
0006   301F           00033         MOVLW   0x1F
                      00034 
Message[302]: Register in operand not in bank 0.  Ensure that bank bits are correct.
0007   0085           00035         MOVWF   TRISA
                      00036 
0008   3000           00037         MOVLW   0x00
                      00038         
Message[302]: Register in operand not in bank 0.  Ensure that bank bits are correct.
0009   0086           00039         MOVWF   TRISB
                      00040         
MPASM 5.86  /HOME/RICHO/DOCUMENTS/PIC_ASSEMB   8-18-2023  18:54:29         PAGE  2


LOC  OBJECT CODE     LINE SOURCE TEXT
  VALUE

000A   1303           00041         BCF     STATUS,RP1
000B   1283           00042         BCF     STATUS,RP0
                      00043 
000C                  00044 main:
                      00045 
000C   0805           00046         MOVF    PORTA,W
                      00047         
000D   0782           00048         ADDWF   PCL,F
                      00049 
000E                  00050 options:
                      00051 
000E   2816           00052         GOTO    config_01
000F   2818           00053         GOTO    config_02
0010   281A           00054         GOTO    config_03
0011   281C           00055         GOTO    config_04
0012   281E           00056         GOTO    config_05
0013   2820           00057         GOTO    config_06
0014   2822           00058         GOTO    config_07
0015   2824           00059         GOTO    config_08
                      00060 
0016                  00061 config_01:
                      00062 
0016   3021           00063         MOVLW   b'100001'
0017   2826           00064         GOTO    show
                      00065 
0018                  00066 config_02:
                      00067 
0018   3020           00068         MOVLW   b'100000'
0019   2826           00069         GOTO    show
                      00070 
001A                  00071 config_03:
                      00072 
001A   303F           00073         MOVLW   b'111111'
001B   2826           00074         GOTO    show
                      00075 
001C                  00076 config_04:
                      00077 
001C   3015           00078         MOVLW   b'010101'
001D   2826           00079         GOTO    show
                      00080 
001E                  00081 config_05:
                      00082 
001E   3024           00083         MOVLW   b'100100'
001F   2826           00084         GOTO    show
                      00085 
0020                  00086 config_06:
                      00087 
0020   3009           00088         MOVLW   b'001001'
0021   2826           00089         GOTO    show
                      00090 
0022                  00091 config_07:
                      00092 
0022   3038           00093         MOVLW   b'111000'
MPASM 5.86  /HOME/RICHO/DOCUMENTS/PIC_ASSEMB   8-18-2023  18:54:29         PAGE  3


LOC  OBJECT CODE     LINE SOURCE TEXT
  VALUE

0023   2826           00094         GOTO    show
                      00095 
0024                  00096 config_08:
                      00097 
0024   3007           00098         MOVLW   b'000111'
0025   2826           00099         GOTO    show
                      00100 
0026                  00101 show:
0026   0086           00102         MOVWF   PORTB
0027   280C           00103         GOTO    main
                      00104 
                      00105         END     
MPASM 5.86  /HOME/RICHO/DOCUMENTS/PIC_ASSEMB   8-18-2023  18:54:29         PAGE  4


SYMBOL TABLE
  LABEL                             VALUE 

ADDEN                             00000003
ADEN                              00000003
BRGH                              00000002
C                                 00000000
C1INV                             00000004
C1OUT                             00000006
C2INV                             00000005
C2OUT                             00000007
CCP1CON                           00000017
CCP1IE                            00000002
CCP1IF                            00000002
CCP1M0                            00000000
CCP1M1                            00000001
CCP1M2                            00000002
CCP1M3                            00000003
CCP1X                             00000005
CCP1Y                             00000004
CCPR1                             00000015
CCPR1H                            00000016
CCPR1L                            00000015
CIS                               00000003
CM0                               00000000
CM1                               00000001
CM2                               00000002
CMCON                             0000001F
CMIE                              00000006
CMIF                              00000006
CREN                              00000004
CSRC                              00000007
DATA_CP_OFF                       00003FFF
DATA_CP_ON                        00003EFF
DC                                00000001
EEADR                             0000009B
EECON1                            0000009C
EECON2                            0000009D
EEDATA                            0000009A
EEIE                              00000007
EEIF                              00000007
F                                 00000001
FERR                              00000002
FSR                               00000004
GIE                               00000007
INDF                              00000000
INTCON                            0000000B
INTE                              00000004
INTEDG                            00000006
INTF                              00000001
IRP                               00000007
NOT_BO                            00000000
NOT_BOD                           00000000
NOT_BOR                           00000000
NOT_PD                            00000003
NOT_POR                           00000001
MPASM 5.86  /HOME/RICHO/DOCUMENTS/PIC_ASSEMB   8-18-2023  18:54:29         PAGE  5


SYMBOL TABLE
  LABEL                             VALUE 

NOT_RBPU                          00000007
NOT_T1SYNC                        00000002
NOT_TO                            00000004
OERR                              00000001
OPTION_REG                        00000081
OSCF                              00000003
PCL                               00000002
PCLATH                            0000000A
PCON                              0000008E
PEIE                              00000006
PIE1                              0000008C
PIR1                              0000000C
PORTA                             00000005
PORTB                             00000006
PR2                               00000092
PS0                               00000000
PS1                               00000001
PS2                               00000002
PSA                               00000003
RA0                               00000000
RA1                               00000001
RA2                               00000002
RA3                               00000003
RA4                               00000004
RA5                               00000005
RA6                               00000006
RA7                               00000007
RB0                               00000000
RB1                               00000001
RB2                               00000002
RB3                               00000003
RB4                               00000004
RB5                               00000005
RB6                               00000006
RB7                               00000007
RBIE                              00000003
RBIF                              00000000
RCIE                              00000005
RCIF                              00000005
RCREG                             0000001A
RCSTA                             00000018
RD                                00000000
RP0                               00000005
RP1                               00000006
RX9                               00000006
RX9D                              00000000
SPBRG                             00000099
SPEN                              00000007
SREN                              00000005
STATUS                            00000003
SYNC                              00000004
T0CS                              00000005
T0IE                              00000005
MPASM 5.86  /HOME/RICHO/DOCUMENTS/PIC_ASSEMB   8-18-2023  18:54:29         PAGE  6


SYMBOL TABLE
  LABEL                             VALUE 

T0IF                              00000002
T0SE                              00000004
T1CKPS0                           00000004
T1CKPS1                           00000005
T1CON                             00000010
T1OSCEN                           00000003
T2CKPS0                           00000000
T2CKPS1                           00000001
T2CON                             00000012
TMR0                              00000001
TMR0IE                            00000005
TMR0IF                            00000002
TMR1                              0000000E
TMR1CS                            00000001
TMR1H                             0000000F
TMR1IE                            00000000
TMR1IF                            00000000
TMR1L                             0000000E
TMR1ON                            00000000
TMR2                              00000011
TMR2IE                            00000001
TMR2IF                            00000001
TMR2ON                            00000002
TOUTPS0                           00000003
TOUTPS1                           00000004
TOUTPS2                           00000005
TOUTPS3                           00000006
TRISA                             00000085
TRISA0                            00000000
TRISA1                            00000001
TRISA2                            00000002
TRISA3                            00000003
TRISA4                            00000004
TRISA5                            00000005
TRISA6                            00000006
TRISA7                            00000007
TRISB                             00000086
TRISB0                            00000000
TRISB1                            00000001
TRISB2                            00000002
TRISB3                            00000003
TRISB4                            00000004
TRISB5                            00000005
TRISB6                            00000006
TRISB7                            00000007
TRMT                              00000001
TX9                               00000006
TX9D                              00000000
TXEN                              00000005
TXIE                              00000004
TXIF                              00000004
TXREG                             00000019
TXSTA                             00000098
MPASM 5.86  /HOME/RICHO/DOCUMENTS/PIC_ASSEMB   8-18-2023  18:54:29         PAGE  7


SYMBOL TABLE
  LABEL                             VALUE 

VR0                               00000000
VR1                               00000001
VR2                               00000002
VR3                               00000003
VRCON                             0000009F
VREN                              00000007
VROE                              00000006
VRR                               00000005
W                                 00000000
WR                                00000001
WREN                              00000002
WRERR                             00000003
Z                                 00000002
_BODEN_OFF                        00003FBF
_BODEN_ON                         00003FFF
_BOREN_OFF                        00003FBF
_BOREN_ON                         00003FFF
_CONFIG                           00002007
_CPD_OFF                          00003FFF
_CPD_ON                           00003EFF
_CP_OFF                           00003FFF
_CP_ON                            00001FFF
_DEVID1                           00002006
_ER_OSC_CLKOUT                    00003FFF
_ER_OSC_NOCLKOUT                  00003FFE
_EXTCLK_OSC                       00003FEF
_FOSC_ECIO                        00003FEF
_FOSC_EXTRCCLK                    00003FFF
_FOSC_EXTRCIO                     00003FFE
_FOSC_HS                          00003FEE
_FOSC_INTOSCCLK                   00003FFD
_FOSC_INTOSCIO                    00003FFC
_FOSC_LP                          00003FEC
_FOSC_XT                          00003FED
_HS_OSC                           00003FEE
_IDLOC0                           00002000
_IDLOC1                           00002001
_IDLOC2                           00002002
_IDLOC3                           00002003
_INTOSC_OSC_CLKOUT                00003FFD
_INTOSC_OSC_NOCLKOUT              00003FFC
_INTRC_OSC_CLKOUT                 00003FFD
_INTRC_OSC_NOCLKOUT               00003FFC
_LP_OSC                           00003FEC
_LVP_OFF                          00003F7F
_LVP_ON                           00003FFF
_MCLRE_OFF                        00003FDF
_MCLRE_ON                         00003FFF
_PWRTE_OFF                        00003FFF
_PWRTE_ON                         00003FF7
_RC_OSC_CLKOUT                    00003FFF
_RC_OSC_NOCLKOUT                  00003FFE
_WDTE_OFF                         00003FFB
MPASM 5.86  /HOME/RICHO/DOCUMENTS/PIC_ASSEMB   8-18-2023  18:54:29         PAGE  8


SYMBOL TABLE
  LABEL                             VALUE 

_WDTE_ON                          00003FFF
_WDT_OFF                          00003FFB
_WDT_ON                           00003FFF
_XT_OSC                           00003FED
__16F628A                         00000001
config_01                         00000016
config_02                         00000018
config_03                         0000001A
config_04                         0000001C
config_05                         0000001E
config_06                         00000020
config_07                         00000022
config_08                         00000024
main                              0000000C
options                           0000000E
show                              00000026


MEMORY USAGE MAP ('X' = Used,  '-' = Unused)

0000 : XXXXXXXXXXXXXXXX XXXXXXXXXXXXXXXX XXXXXXXX-------- ----------------
2000 : -------X-------- ---------------- ---------------- ----------------

All other memory blocks unused.

Program Memory Words Used:    40
Program Memory Words Free:  2008


Errors   :     0
Warnings :     0 reported,     0 suppressed
Messages :     2 reported,     0 suppressed

