MPASM 5.86  /HOME/RICHO/DOCUMENTS/PIC_ASSEMB   9-14-2023  12:03:08         PAGE  1


LOC  OBJECT CODE     LINE SOURCE TEXT
  VALUE

                      00001 ;---------------------------------------------------------;
                      00002 ;Author:        Relg99                                    ;
                      00003 ;Date:          14/09/23                                  ;
                      00004 ;                                                         ;
                      00005 ;                                                         ;
                      00006 ;Program:       Subroutines                               ;
                      00007 ;                                                         ;
                      00008 ;                                                         ;
                      00009 ;Description:                                             ;
                      00010 ;                                                         ;
                      00011 ;In this program is used the reserved keyword "call"      ;
                      00012 ;and "return" used to create subroutines.                 ;
                      00013 ;This subroutine calls are stored inside the stack.       ;
                      00014 ;Is important to remember that the author of the program  ;
                      00015 ;should keep track of the stack overflow limit.           ;
                      00016 ;                                                         ;
                      00017 ;                                                         ;
                      00018 ;                                                         ;
                      00019 ;---------------------------------------------------------;
                      00020 
                      00021 
                      00022 
                      00023 #include "p16f628a.inc"
                      00001         LIST
                      00002 
                      00003 ;==========================================================================
                      00004 ; Build date : Oct 24 2019
                      00005 ;  MPASM PIC16F628A processor include
                      00006 ; 
                      00007 ;  (c) Copyright 1999-2019 Microchip Technology, All rights reserved
                      00008 ;==========================================================================
                      00009 
                      00386         LIST
                      00024 
                      00025 
2007   3F38           00026         __CONFIG _CP_OFF & _CPD_OFF & _LVP_OFF & _BOREN_OFF & _MCLRE_ON & _PWRTE_OFF & _WDTE_OFF & _FOSC
                            _INTOSCIO
                      00027 
                      00028         LIST    P=16F628A
                      00029 
                      00030 
0000                  00031         ORG     0x00
                      00032 
0000   0185           00033         CLRF    PORTA
0001   0186           00034         CLRF    PORTB
                      00035 
0002   3007           00036         MOVLW   0x07
0003   009F           00037         MOVWF   CMCON
                      00038 
0004   1683           00039         BSF     STATUS,RP0
                      00040 
0005   301F           00041         MOVLW   0x1F
Message[302]: Register in operand not in bank 0.  Ensure that bank bits are correct.
MPASM 5.86  /HOME/RICHO/DOCUMENTS/PIC_ASSEMB   9-14-2023  12:03:08         PAGE  2


LOC  OBJECT CODE     LINE SOURCE TEXT
  VALUE

0006   0085           00042         MOVWF   TRISA
                      00043         
0007   3000           00044         MOVLW   0x00
Message[302]: Register in operand not in bank 0.  Ensure that bank bits are correct.
0008   0086           00045         MOVWF   TRISB
                      00046 
0009   1283           00047         BCF     STATUS,RP0
                      00048 
000A                  00049 main:
                      00050 
000A   200D           00051         CALL    sum
000B   0086           00052         MOVWF   PORTB
000C   280A           00053         GOTO    main    
                      00054 
000D                  00055 sum:
                      00056 
000D   300A           00057         MOVLW   0x0A
000E   0705           00058         ADDWF   PORTA,W
                      00059         ; This is just a demo, 
                      00060         ; you can do more with subroutines.
000F   0008           00061         RETURN
                      00062 
                      00063 
                      00064         END
MPASM 5.86  /HOME/RICHO/DOCUMENTS/PIC_ASSEMB   9-14-2023  12:03:08         PAGE  3


SYMBOL TABLE
  LABEL                             VALUE 

ADDEN                             00000003
ADEN                              00000003
BRGH                              00000002
C                                 00000000
C1INV                             00000004
C1OUT                             00000006
C2INV                             00000005
C2OUT                             00000007
CCP1CON                           00000017
CCP1IE                            00000002
CCP1IF                            00000002
CCP1M0                            00000000
CCP1M1                            00000001
CCP1M2                            00000002
CCP1M3                            00000003
CCP1X                             00000005
CCP1Y                             00000004
CCPR1                             00000015
CCPR1H                            00000016
CCPR1L                            00000015
CIS                               00000003
CM0                               00000000
CM1                               00000001
CM2                               00000002
CMCON                             0000001F
CMIE                              00000006
CMIF                              00000006
CREN                              00000004
CSRC                              00000007
DATA_CP_OFF                       00003FFF
DATA_CP_ON                        00003EFF
DC                                00000001
EEADR                             0000009B
EECON1                            0000009C
EECON2                            0000009D
EEDATA                            0000009A
EEIE                              00000007
EEIF                              00000007
F                                 00000001
FERR                              00000002
FSR                               00000004
GIE                               00000007
INDF                              00000000
INTCON                            0000000B
INTE                              00000004
INTEDG                            00000006
INTF                              00000001
IRP                               00000007
NOT_BO                            00000000
NOT_BOD                           00000000
NOT_BOR                           00000000
NOT_PD                            00000003
NOT_POR                           00000001
MPASM 5.86  /HOME/RICHO/DOCUMENTS/PIC_ASSEMB   9-14-2023  12:03:08         PAGE  4


SYMBOL TABLE
  LABEL                             VALUE 

NOT_RBPU                          00000007
NOT_T1SYNC                        00000002
NOT_TO                            00000004
OERR                              00000001
OPTION_REG                        00000081
OSCF                              00000003
PCL                               00000002
PCLATH                            0000000A
PCON                              0000008E
PEIE                              00000006
PIE1                              0000008C
PIR1                              0000000C
PORTA                             00000005
PORTB                             00000006
PR2                               00000092
PS0                               00000000
PS1                               00000001
PS2                               00000002
PSA                               00000003
RA0                               00000000
RA1                               00000001
RA2                               00000002
RA3                               00000003
RA4                               00000004
RA5                               00000005
RA6                               00000006
RA7                               00000007
RB0                               00000000
RB1                               00000001
RB2                               00000002
RB3                               00000003
RB4                               00000004
RB5                               00000005
RB6                               00000006
RB7                               00000007
RBIE                              00000003
RBIF                              00000000
RCIE                              00000005
RCIF                              00000005
RCREG                             0000001A
RCSTA                             00000018
RD                                00000000
RP0                               00000005
RP1                               00000006
RX9                               00000006
RX9D                              00000000
SPBRG                             00000099
SPEN                              00000007
SREN                              00000005
STATUS                            00000003
SYNC                              00000004
T0CS                              00000005
T0IE                              00000005
MPASM 5.86  /HOME/RICHO/DOCUMENTS/PIC_ASSEMB   9-14-2023  12:03:08         PAGE  5


SYMBOL TABLE
  LABEL                             VALUE 

T0IF                              00000002
T0SE                              00000004
T1CKPS0                           00000004
T1CKPS1                           00000005
T1CON                             00000010
T1OSCEN                           00000003
T2CKPS0                           00000000
T2CKPS1                           00000001
T2CON                             00000012
TMR0                              00000001
TMR0IE                            00000005
TMR0IF                            00000002
TMR1                              0000000E
TMR1CS                            00000001
TMR1H                             0000000F
TMR1IE                            00000000
TMR1IF                            00000000
TMR1L                             0000000E
TMR1ON                            00000000
TMR2                              00000011
TMR2IE                            00000001
TMR2IF                            00000001
TMR2ON                            00000002
TOUTPS0                           00000003
TOUTPS1                           00000004
TOUTPS2                           00000005
TOUTPS3                           00000006
TRISA                             00000085
TRISA0                            00000000
TRISA1                            00000001
TRISA2                            00000002
TRISA3                            00000003
TRISA4                            00000004
TRISA5                            00000005
TRISA6                            00000006
TRISA7                            00000007
TRISB                             00000086
TRISB0                            00000000
TRISB1                            00000001
TRISB2                            00000002
TRISB3                            00000003
TRISB4                            00000004
TRISB5                            00000005
TRISB6                            00000006
TRISB7                            00000007
TRMT                              00000001
TX9                               00000006
TX9D                              00000000
TXEN                              00000005
TXIE                              00000004
TXIF                              00000004
TXREG                             00000019
TXSTA                             00000098
MPASM 5.86  /HOME/RICHO/DOCUMENTS/PIC_ASSEMB   9-14-2023  12:03:08         PAGE  6


SYMBOL TABLE
  LABEL                             VALUE 

VR0                               00000000
VR1                               00000001
VR2                               00000002
VR3                               00000003
VRCON                             0000009F
VREN                              00000007
VROE                              00000006
VRR                               00000005
W                                 00000000
WR                                00000001
WREN                              00000002
WRERR                             00000003
Z                                 00000002
_BODEN_OFF                        00003FBF
_BODEN_ON                         00003FFF
_BOREN_OFF                        00003FBF
_BOREN_ON                         00003FFF
_CONFIG                           00002007
_CPD_OFF                          00003FFF
_CPD_ON                           00003EFF
_CP_OFF                           00003FFF
_CP_ON                            00001FFF
_DEVID1                           00002006
_ER_OSC_CLKOUT                    00003FFF
_ER_OSC_NOCLKOUT                  00003FFE
_EXTCLK_OSC                       00003FEF
_FOSC_ECIO                        00003FEF
_FOSC_EXTRCCLK                    00003FFF
_FOSC_EXTRCIO                     00003FFE
_FOSC_HS                          00003FEE
_FOSC_INTOSCCLK                   00003FFD
_FOSC_INTOSCIO                    00003FFC
_FOSC_LP                          00003FEC
_FOSC_XT                          00003FED
_HS_OSC                           00003FEE
_IDLOC0                           00002000
_IDLOC1                           00002001
_IDLOC2                           00002002
_IDLOC3                           00002003
_INTOSC_OSC_CLKOUT                00003FFD
_INTOSC_OSC_NOCLKOUT              00003FFC
_INTRC_OSC_CLKOUT                 00003FFD
_INTRC_OSC_NOCLKOUT               00003FFC
_LP_OSC                           00003FEC
_LVP_OFF                          00003F7F
_LVP_ON                           00003FFF
_MCLRE_OFF                        00003FDF
_MCLRE_ON                         00003FFF
_PWRTE_OFF                        00003FFF
_PWRTE_ON                         00003FF7
_RC_OSC_CLKOUT                    00003FFF
_RC_OSC_NOCLKOUT                  00003FFE
_WDTE_OFF                         00003FFB
MPASM 5.86  /HOME/RICHO/DOCUMENTS/PIC_ASSEMB   9-14-2023  12:03:08         PAGE  7


SYMBOL TABLE
  LABEL                             VALUE 

_WDTE_ON                          00003FFF
_WDT_OFF                          00003FFB
_WDT_ON                           00003FFF
_XT_OSC                           00003FED
__16F628A                         00000001
main                              0000000A
sum                               0000000D


MEMORY USAGE MAP ('X' = Used,  '-' = Unused)

0000 : XXXXXXXXXXXXXXXX ---------------- ---------------- ----------------
2000 : -------X-------- ---------------- ---------------- ----------------

All other memory blocks unused.

Program Memory Words Used:    16
Program Memory Words Free:  2032


Errors   :     0
Warnings :     0 reported,     0 suppressed
Messages :     2 reported,     0 suppressed

