MPASM 5.86  /HOME/RICHO/DOCUMENTS/PIC_ASSEMB   8-21-2023  17:27:01         PAGE  1


LOC  OBJECT CODE     LINE SOURCE TEXT
  VALUE

                      00001 ;---------------------------------------------------------;
                      00002 ;                                                         ;
                      00003 ;Author:        @Relg99                                   ;
                      00004 ;Date:          21/08/23                                  ;
                      00005 ;                                                         ;
                      00006 ;Programm:      Jumps_06                                  ;
                      00007 ;                                                         ;
                      00008 ;Description:                                             ;
                      00009 ;                                                         ;
                      00010 ;Take an input number form PORTA (A0, A1, A2) and light   ;
                      00011 ;up the same number of leds at PORTB.                     ;
                      00012 ;EXAMPLE:                                                 ;
                      00013 ;Input at PORTA:        A0(1), A1(0), A2(1)               ;
                      00014 ;Output at PORTB:       B0(1), B1(1), B2(1), B3(1),       ;
                      00015 ;                       B4(1), B5(0), B6(0), B7(0)        ;
                      00016 ;---------------------------------------------------------;
                      00017 
                      00018 
                      00019 #include "p16f628a.inc"
                      00001         LIST
                      00002 
                      00003 ;==========================================================================
                      00004 ; Build date : Oct 24 2019
                      00005 ;  MPASM PIC16F628A processor include
                      00006 ; 
                      00007 ;  (c) Copyright 1999-2019 Microchip Technology, All rights reserved
                      00008 ;==========================================================================
                      00009 
                      00386         LIST
                      00020 
2007   3F38           00021         __CONFIG        _CP_OFF & _CPD_OFF & _LVP_OFF & _BOREN_OFF & _MCLRE_ON & _PWRTE_OFF & _WDTE_OFF 
                            & _FOSC_INTOSCIO
                      00022 
                      00023         LIST P=16F628A
                      00024 
  00000020            00025 count   EQU     0x20                    ; Create memory for variables.
  00000021            00026 input   EQU     0x21
  00000022            00027 leds    EQU     0x22
                      00028 
0000                  00029         ORG     0x00
                      00030 
0000   0185           00031         CLRF    PORTA                   ; Initialize ports.
0001   0186           00032         CLRF    PORTB
                      00033 
0002   3007           00034         MOVLW   0x07
0003   009F           00035         MOVWF   CMCON
                      00036 
0004   1683           00037         BSF     STATUS,RP0              ; Change to bank 1.
0005   1303           00038         BCF     STATUS,RP1
                      00039 
0006   301F           00040         MOVLW   0x1F
Message[302]: Register in operand not in bank 0.  Ensure that bank bits are correct.
0007   0085           00041         MOVWF   TRISA                   ; PORTA as input.
MPASM 5.86  /HOME/RICHO/DOCUMENTS/PIC_ASSEMB   8-21-2023  17:27:01         PAGE  2


LOC  OBJECT CODE     LINE SOURCE TEXT
  VALUE

                      00042 
0008   3000           00043         MOVLW   0x00
Message[302]: Register in operand not in bank 0.  Ensure that bank bits are correct.
0009   0086           00044         MOVWF   TRISB                   ; PORTB as output.
                      00045 
000A   1283           00046         BCF     STATUS,RP0              ; Change to bank 0.
000B   1303           00047         BCF     STATUS,RP1
                      00048 
000C                  00049 main:
                      00050 
000C   01A1           00051         CLRF    input
                      00052         
000D   0805           00053         MOVF    PORTA,W                 ; Get user input.
000E   00A1           00054         MOVWF   input
                      00055 
000F   3007           00056         MOVLW   0x07                    ; Discard unused data.
0010   05A1           00057         ANDWF   input,F
                      00058 
0011   3007           00059         MOVLW   0x07                    ; Reset counter.
0012   00A0           00060         MOVWF   count
                      00061 
0013   307F           00062         MOVLW   0x7F                    ; Reset output.
0014   00A2           00063         MOVWF   leds
                      00064 
0015                  00065 cicle:          
                      00066 
0015   0820           00067         MOVF    count,W
0016   0221           00068         SUBWF   input,W
                      00069 
0017   1D03           00070         BTFSS   STATUS,Z        
                      00071 
0018   281A           00072         GOTO    rotate
0019   281D           00073         GOTO    finish
                      00074 
001A                  00075 rotate:
                      00076 
001A   03A0           00077         DECF    count,F
001B   0CA2           00078         RRF     leds,F                  ; Rotate to decrease used leds.
001C   2815           00079         GOTO    cicle   
                      00080 
001D                  00081 finish:
                      00082         
001D   0822           00083         MOVF    leds,W                  ; Show results.
001E   0086           00084         MOVWF   PORTB
001F   280C           00085         GOTO    main
                      00086 
                      00087         END
MPASM 5.86  /HOME/RICHO/DOCUMENTS/PIC_ASSEMB   8-21-2023  17:27:01         PAGE  3


SYMBOL TABLE
  LABEL                             VALUE 

ADDEN                             00000003
ADEN                              00000003
BRGH                              00000002
C                                 00000000
C1INV                             00000004
C1OUT                             00000006
C2INV                             00000005
C2OUT                             00000007
CCP1CON                           00000017
CCP1IE                            00000002
CCP1IF                            00000002
CCP1M0                            00000000
CCP1M1                            00000001
CCP1M2                            00000002
CCP1M3                            00000003
CCP1X                             00000005
CCP1Y                             00000004
CCPR1                             00000015
CCPR1H                            00000016
CCPR1L                            00000015
CIS                               00000003
CM0                               00000000
CM1                               00000001
CM2                               00000002
CMCON                             0000001F
CMIE                              00000006
CMIF                              00000006
CREN                              00000004
CSRC                              00000007
DATA_CP_OFF                       00003FFF
DATA_CP_ON                        00003EFF
DC                                00000001
EEADR                             0000009B
EECON1                            0000009C
EECON2                            0000009D
EEDATA                            0000009A
EEIE                              00000007
EEIF                              00000007
F                                 00000001
FERR                              00000002
FSR                               00000004
GIE                               00000007
INDF                              00000000
INTCON                            0000000B
INTE                              00000004
INTEDG                            00000006
INTF                              00000001
IRP                               00000007
NOT_BO                            00000000
NOT_BOD                           00000000
NOT_BOR                           00000000
NOT_PD                            00000003
NOT_POR                           00000001
MPASM 5.86  /HOME/RICHO/DOCUMENTS/PIC_ASSEMB   8-21-2023  17:27:01         PAGE  4


SYMBOL TABLE
  LABEL                             VALUE 

NOT_RBPU                          00000007
NOT_T1SYNC                        00000002
NOT_TO                            00000004
OERR                              00000001
OPTION_REG                        00000081
OSCF                              00000003
PCL                               00000002
PCLATH                            0000000A
PCON                              0000008E
PEIE                              00000006
PIE1                              0000008C
PIR1                              0000000C
PORTA                             00000005
PORTB                             00000006
PR2                               00000092
PS0                               00000000
PS1                               00000001
PS2                               00000002
PSA                               00000003
RA0                               00000000
RA1                               00000001
RA2                               00000002
RA3                               00000003
RA4                               00000004
RA5                               00000005
RA6                               00000006
RA7                               00000007
RB0                               00000000
RB1                               00000001
RB2                               00000002
RB3                               00000003
RB4                               00000004
RB5                               00000005
RB6                               00000006
RB7                               00000007
RBIE                              00000003
RBIF                              00000000
RCIE                              00000005
RCIF                              00000005
RCREG                             0000001A
RCSTA                             00000018
RD                                00000000
RP0                               00000005
RP1                               00000006
RX9                               00000006
RX9D                              00000000
SPBRG                             00000099
SPEN                              00000007
SREN                              00000005
STATUS                            00000003
SYNC                              00000004
T0CS                              00000005
T0IE                              00000005
MPASM 5.86  /HOME/RICHO/DOCUMENTS/PIC_ASSEMB   8-21-2023  17:27:01         PAGE  5


SYMBOL TABLE
  LABEL                             VALUE 

T0IF                              00000002
T0SE                              00000004
T1CKPS0                           00000004
T1CKPS1                           00000005
T1CON                             00000010
T1OSCEN                           00000003
T2CKPS0                           00000000
T2CKPS1                           00000001
T2CON                             00000012
TMR0                              00000001
TMR0IE                            00000005
TMR0IF                            00000002
TMR1                              0000000E
TMR1CS                            00000001
TMR1H                             0000000F
TMR1IE                            00000000
TMR1IF                            00000000
TMR1L                             0000000E
TMR1ON                            00000000
TMR2                              00000011
TMR2IE                            00000001
TMR2IF                            00000001
TMR2ON                            00000002
TOUTPS0                           00000003
TOUTPS1                           00000004
TOUTPS2                           00000005
TOUTPS3                           00000006
TRISA                             00000085
TRISA0                            00000000
TRISA1                            00000001
TRISA2                            00000002
TRISA3                            00000003
TRISA4                            00000004
TRISA5                            00000005
TRISA6                            00000006
TRISA7                            00000007
TRISB                             00000086
TRISB0                            00000000
TRISB1                            00000001
TRISB2                            00000002
TRISB3                            00000003
TRISB4                            00000004
TRISB5                            00000005
TRISB6                            00000006
TRISB7                            00000007
TRMT                              00000001
TX9                               00000006
TX9D                              00000000
TXEN                              00000005
TXIE                              00000004
TXIF                              00000004
TXREG                             00000019
TXSTA                             00000098
MPASM 5.86  /HOME/RICHO/DOCUMENTS/PIC_ASSEMB   8-21-2023  17:27:01         PAGE  6


SYMBOL TABLE
  LABEL                             VALUE 

VR0                               00000000
VR1                               00000001
VR2                               00000002
VR3                               00000003
VRCON                             0000009F
VREN                              00000007
VROE                              00000006
VRR                               00000005
W                                 00000000
WR                                00000001
WREN                              00000002
WRERR                             00000003
Z                                 00000002
_BODEN_OFF                        00003FBF
_BODEN_ON                         00003FFF
_BOREN_OFF                        00003FBF
_BOREN_ON                         00003FFF
_CONFIG                           00002007
_CPD_OFF                          00003FFF
_CPD_ON                           00003EFF
_CP_OFF                           00003FFF
_CP_ON                            00001FFF
_DEVID1                           00002006
_ER_OSC_CLKOUT                    00003FFF
_ER_OSC_NOCLKOUT                  00003FFE
_EXTCLK_OSC                       00003FEF
_FOSC_ECIO                        00003FEF
_FOSC_EXTRCCLK                    00003FFF
_FOSC_EXTRCIO                     00003FFE
_FOSC_HS                          00003FEE
_FOSC_INTOSCCLK                   00003FFD
_FOSC_INTOSCIO                    00003FFC
_FOSC_LP                          00003FEC
_FOSC_XT                          00003FED
_HS_OSC                           00003FEE
_IDLOC0                           00002000
_IDLOC1                           00002001
_IDLOC2                           00002002
_IDLOC3                           00002003
_INTOSC_OSC_CLKOUT                00003FFD
_INTOSC_OSC_NOCLKOUT              00003FFC
_INTRC_OSC_CLKOUT                 00003FFD
_INTRC_OSC_NOCLKOUT               00003FFC
_LP_OSC                           00003FEC
_LVP_OFF                          00003F7F
_LVP_ON                           00003FFF
_MCLRE_OFF                        00003FDF
_MCLRE_ON                         00003FFF
_PWRTE_OFF                        00003FFF
_PWRTE_ON                         00003FF7
_RC_OSC_CLKOUT                    00003FFF
_RC_OSC_NOCLKOUT                  00003FFE
_WDTE_OFF                         00003FFB
MPASM 5.86  /HOME/RICHO/DOCUMENTS/PIC_ASSEMB   8-21-2023  17:27:01         PAGE  7


SYMBOL TABLE
  LABEL                             VALUE 

_WDTE_ON                          00003FFF
_WDT_OFF                          00003FFB
_WDT_ON                           00003FFF
_XT_OSC                           00003FED
__16F628A                         00000001
cicle                             00000015
count                             00000020
finish                            0000001D
input                             00000021
leds                              00000022
main                              0000000C
rotate                            0000001A


MEMORY USAGE MAP ('X' = Used,  '-' = Unused)

0000 : XXXXXXXXXXXXXXXX XXXXXXXXXXXXXXXX ---------------- ----------------
2000 : -------X-------- ---------------- ---------------- ----------------

All other memory blocks unused.

Program Memory Words Used:    32
Program Memory Words Free:  2016


Errors   :     0
Warnings :     0 reported,     0 suppressed
Messages :     2 reported,     0 suppressed

